# JRE version: OpenJDK Runtime Environment JBR-17.0.12+1-1207.37-nomod (17.0.12+1) (build 17.0.12+1-b1207.37)
# Java VM: OpenJDK 64-Bit Server VM JBR-17.0.12+1-1207.37-nomod (17.0.12+1-b1207.37, mixed mode, sharing, tiered, compressed oops, compressed class ptrs, g1 gc, windows-amd64)
GC Precious Log:
 CPUs: 8 total, 8 available
 Memory: 12174M
 Large Page Support: Disabled
 NUMA Support: Disabled
 Compressed Oops: Enabled (Zero based)
 Heap Region Size: 2M
 Heap Min Capacity: 8M
 Heap Initial Capacity: 192M
 Heap Max Capacity: 3044M
 Pre-touch: Disabled
 Parallel Workers: 8
 Concurrent Workers: 2
 Concurrent Refinement Workers: 8
 Periodic GC: Disabled
Heap:
 garbage-first heap   total 69632K, used 29641K [0x0000000741c00000, 0x0000000800000000)
  region size 2048K, 3 young (6144K), 1 survivors (2048K)
 Metaspace       used 35251K, committed 35648K, reserved 1114112K
  class space    used 4606K, committed 4800K, reserved 1048576K
GC Heap History (20 events):
Event: 0.514 GC heap before
{Heap before GC invocations=0 (full 0):
 garbage-first heap   total 196608K, used 20480K [0x0000000741c00000, 0x0000000800000000)
  region size 2048K, 11 young (22528K), 0 survivors (0K)
 Metaspace       used 7012K, committed 7168K, reserved 1114112K
  class space    used 804K, committed 896K, reserved 1048576K
}
Event: 0.519 GC heap after
{Heap after GC invocations=1 (full 0):
 garbage-first heap   total 196608K, used 6647K [0x0000000741c00000, 0x0000000800000000)
  region size 2048K, 2 young (4096K), 2 survivors (4096K)
 Metaspace       used 7012K, committed 7168K, reserved 1114112K
  class space    used 804K, committed 896K, reserved 1048576K
}
Event: 1.033 GC heap before
{Heap before GC invocations=1 (full 0):
 garbage-first heap   total 196608K, used 29175K [0x0000000741c00000, 0x0000000800000000)
  region size 2048K, 13 young (26624K), 2 survivors (4096K)
 Metaspace       used 15597K, committed 15936K, reserved 1114112K
  class space    used 1810K, committed 1984K, reserved 1048576K
}
Event: 1.037 GC heap after
{Heap after GC invocations=2 (full 0):
 garbage-first heap   total 196608K, used 10707K [0x0000000741c00000, 0x0000000800000000)
  region size 2048K, 2 young (4096K), 2 survivors (4096K)
 Metaspace       used 15597K, committed 15936K, reserved 1114112K
  class space    used 1810K, committed 1984K, reserved 1048576K
}
Event: 1.350 GC heap before
{Heap before GC invocations=2 (full 0):
 garbage-first heap   total 196608K, used 31187K [0x0000000741c00000, 0x0000000800000000)
  region size 2048K, 12 young (24576K), 2 survivors (4096K)
 Metaspace       used 21256K, committed 21504K, reserved 1114112K
  class space    used 2649K, committed 2752K, reserved 1048576K
}
Event: 1.354 GC heap after
{Heap after GC invocations=3 (full 0):
 garbage-first heap   total 196608K, used 15345K [0x0000000741c00000, 0x0000000800000000)
  region size 2048K, 4 young (8192K), 4 survivors (8192K)
 Metaspace       used 21256K, committed 21504K, reserved 1114112K
  class space    used 2649K, committed 2752K, reserved 1048576K
}
Event: 9.011 GC heap before
{Heap before GC invocations=4 (full 0):
 garbage-first heap   total 69632K, used 50161K [0x0000000741c00000, 0x0000000800000000)
  region size 2048K, 19 young (38912K), 4 survivors (8192K)
 Metaspace       used 28092K, committed 28416K, reserved 1114112K
  class space    used 3857K, committed 4032K, reserved 1048576K
}
Event: 9.023 GC heap after
{Heap after GC invocations=5 (full 0):
 garbage-first heap   total 69632K, used 24817K [0x0000000741c00000, 0x0000000800000000)
  region size 2048K, 5 young (10240K), 5 survivors (10240K)
 Metaspace       used 28092K, committed 28416K, reserved 1114112K
  class space    used 3857K, committed 4032K, reserved 1048576K
}
Event: 40.173 GC heap before
{Heap before GC invocations=5 (full 0):
 garbage-first heap   total 69632K, used 45297K [0x0000000741c00000, 0x0000000800000000)
  region size 2048K, 15 young (30720K), 5 survivors (10240K)
 Metaspace       used 30953K, committed 31296K, reserved 1114112K
  class space    used 4136K, committed 4288K, reserved 1048576K
}
Event: 40.182 GC heap after
{Heap after GC invocations=6 (full 0):
 garbage-first heap   total 69632K, used 28517K [0x0000000741c00000, 0x0000000800000000)
  region size 2048K, 2 young (4096K), 2 survivors (4096K)
 Metaspace       used 30953K, committed 31296K, reserved 1114112K
  class space    used 4136K, committed 4288K, reserved 1048576K
}
Event: 145.065 GC heap before
{Heap before GC invocations=6 (full 0):
 garbage-first heap   total 69632K, used 46949K [0x0000000741c00000, 0x0000000800000000)
  region size 2048K, 11 young (22528K), 2 survivors (4096K)
 Metaspace       used 34882K, committed 35264K, reserved 1114112K
  class space    used 4597K, committed 4800K, reserved 1048576K
}
Event: 145.071 GC heap after
{Heap after GC invocations=7 (full 0):
 garbage-first heap   total 69632K, used 32982K [0x0000000741c00000, 0x0000000800000000)
  region size 2048K, 2 young (4096K), 2 survivors (4096K)
 Metaspace       used 34882K, committed 35264K, reserved 1114112K
  class space    used 4597K, committed 4800K, reserved 1048576K
}
Event: 147.009 GC heap before
{Heap before GC invocations=7 (full 0):
 garbage-first heap   total 69632K, used 32982K [0x0000000741c00000, 0x0000000800000000)
  region size 2048K, 3 young (6144K), 2 survivors (4096K)
 Metaspace       used 34887K, committed 35264K, reserved 1114112K
  class space    used 4597K, committed 4800K, reserved 1048576K
}
Event: 147.014 GC heap after
{Heap after GC invocations=8 (full 0):
 garbage-first heap   total 69632K, used 32966K [0x0000000741c00000, 0x0000000800000000)
  region size 2048K, 1 young (2048K), 1 survivors (2048K)
 Metaspace       used 34887K, committed 35264K, reserved 1114112K
  class space    used 4597K, committed 4800K, reserved 1048576K
}
Event: 600.615 GC heap before
{Heap before GC invocations=9 (full 0):
 garbage-first heap   total 69632K, used 45254K [0x0000000741c00000, 0x0000000800000000)
  region size 2048K, 9 young (18432K), 1 survivors (2048K)
 Metaspace       used 35228K, committed 35584K, reserved 1114112K
  class space    used 4604K, committed 4800K, reserved 1048576K
}
Event: 600.618 GC heap after
{Heap after GC invocations=10 (full 0):
 garbage-first heap   total 69632K, used 29072K [0x0000000741c00000, 0x0000000800000000)
  region size 2048K, 1 young (2048K), 1 survivors (2048K)
 Metaspace       used 35228K, committed 35584K, reserved 1114112K
  class space    used 4604K, committed 4800K, reserved 1048576K
}
Event: 672.616 GC heap before
{Heap before GC invocations=10 (full 0):
 garbage-first heap   total 69632K, used 31120K [0x0000000741c00000, 0x0000000800000000)
  region size 2048K, 2 young (4096K), 1 survivors (2048K)
 Metaspace       used 35234K, committed 35584K, reserved 1114112K
  class space    used 4604K, committed 4800K, reserved 1048576K
}
Event: 672.619 GC heap after
{Heap after GC invocations=11 (full 0):
 garbage-first heap   total 69632K, used 27606K [0x0000000741c00000, 0x0000000800000000)
  region size 2048K, 1 young (2048K), 1 survivors (2048K)
 Metaspace       used 35234K, committed 35584K, reserved 1114112K
  class space    used 4604K, committed 4800K, reserved 1048576K
}
Event: 1481.707 GC heap before
{Heap before GC invocations=11 (full 0):
 garbage-first heap   total 69632K, used 48086K [0x0000000741c00000, 0x0000000800000000)
  region size 2048K, 11 young (22528K), 1 survivors (2048K)
 Metaspace       used 35244K, committed 35648K, reserved 1114112K
  class space    used 4605K, committed 4800K, reserved 1048576K
}
Event: 1481.709 GC heap after
{Heap after GC invocations=12 (full 0):
 garbage-first heap   total 69632K, used 27593K [0x0000000741c00000, 0x0000000800000000)
  region size 2048K, 1 young (2048K), 1 survivors (2048K)
 Metaspace       used 35244K, committed 35648K, reserved 1114112K
  class space    used 4605K, committed 4800K, reserved 1048576K
}

